Using pre-set license
Built from '2021.3/release' branch; Version is '2021.3.17f1 (3e8111cac19d) revision 4096273'; Using compiler version '192829333'; Build Type 'Release'
OS: 'Windows 10  (10.0.19045) 64bit CoreSingleLanguage' Language: 'pt' Physical Memory: 8066 MB
BatchMode: 1, IsHumanControllingUs: 0, StartBugReporterOnCrash: 0, Is64bit: 1, IsPro: 1

COMMAND LINE ARGUMENTS:
C:\Program Files\Unity\Hub\Editor\2021.3.17f1\Editor\Unity.exe
-adb2
-batchMode
-noUpm
-name
AssetImportWorker0
-projectPath
C:/Users/SuperGeeks Maceió/tccdudaa
-logFile
Logs/AssetImportWorker0.log
-srvPort
51352
Successfully changed project path to: C:/Users/SuperGeeks Maceió/tccdudaa
C:/Users/SuperGeeks Maceió/tccdudaa
[UnityMemory] Configuration Parameters - Can be set up in boot.config
    "memorysetup-bucket-allocator-granularity=16"
    "memorysetup-bucket-allocator-bucket-count=8"
    "memorysetup-bucket-allocator-block-size=33554432"
    "memorysetup-bucket-allocator-block-count=8"
    "memorysetup-main-allocator-block-size=16777216"
    "memorysetup-thread-allocator-block-size=16777216"
    "memorysetup-gfx-main-allocator-block-size=16777216"
    "memorysetup-gfx-thread-allocator-block-size=16777216"
    "memorysetup-cache-allocator-block-size=4194304"
    "memorysetup-typetree-allocator-block-size=2097152"
    "memorysetup-profiler-bucket-allocator-granularity=16"
    "memorysetup-profiler-bucket-allocator-bucket-count=8"
    "memorysetup-profiler-bucket-allocator-block-size=33554432"
    "memorysetup-profiler-bucket-allocator-block-count=8"
    "memorysetup-profiler-allocator-block-size=16777216"
    "memorysetup-profiler-editor-allocator-block-size=1048576"
    "memorysetup-temp-allocator-size-main=16777216"
    "memorysetup-job-temp-allocator-block-size=2097152"
    "memorysetup-job-temp-allocator-block-size-background=1048576"
    "memorysetup-job-temp-allocator-reduction-small-platforms=262144"
    "memorysetup-temp-allocator-size-background-worker=32768"
    "memorysetup-temp-allocator-size-job-worker=262144"
    "memorysetup-temp-allocator-size-preload-manager=33554432"
    "memorysetup-temp-allocator-size-nav-mesh-worker=65536"
    "memorysetup-temp-allocator-size-audio-worker=65536"
    "memorysetup-temp-allocator-size-cloud-worker=32768"
    "memorysetup-temp-allocator-size-gi-baking-worker=262144"
    "memorysetup-temp-allocator-size-gfx=262144"
Player connection [13164] Host "[IP] 192.168.15.83 [Port] 0 [Flags] 2 [Guid] 3385479099 [EditorId] 3385479099 [Version] 1048832 [Id] WindowsEditor(7,DESKTOP-VKDN1PN) [Debug] 1 [PackageName] WindowsEditor [ProjectName] Editor" joined multi-casting on [225.0.0.222:54997]...

Player connection [13164] Host "[IP] 192.168.15.83 [Port] 0 [Flags] 2 [Guid] 3385479099 [EditorId] 3385479099 [Version] 1048832 [Id] WindowsEditor(7,DESKTOP-VKDN1PN) [Debug] 1 [PackageName] WindowsEditor [ProjectName] Editor" joined alternative multi-casting on [225.0.0.222:34997]...

Refreshing native plugins compatible for Editor in 135.21 ms, found 3 plugins.
Preloading 0 native plugins for Editor in 0.00 ms.
Initialize engine version: 2021.3.17f1 (3e8111cac19d)
[Subsystems] Discovering subsystems at path C:/Program Files/Unity/Hub/Editor/2021.3.17f1/Editor/Data/Resources/UnitySubsystems
[Subsystems] Discovering subsystems at path C:/Users/SuperGeeks Maceió/tccdudaa/Assets
GfxDevice: creating device client; threaded=0; jobified=0
Direct3D:
    Version:  Direct3D 11.0 [level 11.0]
    Renderer: NVIDIA GeForce 940MX (ID=0x134d)
    Vendor:   NVIDIA
    VRAM:     2020 MB
    Driver:   23.21.13.8875
Initialize mono
Mono path[0] = 'C:/Program Files/Unity/Hub/Editor/2021.3.17f1/Editor/Data/Managed'
Mono path[1] = 'C:/Program Files/Unity/Hub/Editor/2021.3.17f1/Editor/Data/MonoBleedingEdge/lib/mono/unityjit-win32'
Mono config path = 'C:/Program Files/Unity/Hub/Editor/2021.3.17f1/Editor/Data/MonoBleedingEdge/etc'
Using monoOptions --debugger-agent=transport=dt_socket,embedding=1,server=y,suspend=n,address=127.0.0.1:56764
Begin MonoManager ReloadAssembly
Registering precompiled unity dll's ...
Register platform support module: C:/Program Files/Unity/Hub/Editor/2021.3.17f1/Editor/Data/PlaybackEngines/WebGLSupport/UnityEditor.WebGL.Extensions.dll
Register platform support module: C:/Program Files/Unity/Hub/Editor/2021.3.17f1/Editor/Data/PlaybackEngines/WindowsStandaloneSupport/UnityEditor.WindowsStandalone.Extensions.dll
Registered in 0.014823 seconds.
Native extension for WindowsStandalone target not found
Native extension for WebGL target not found
Refreshing native plugins compatible for Editor in 135.95 ms, found 3 plugins.
Preloading 0 native plugins for Editor in 0.00 ms.
Mono: successfully reloaded assembly
- Completed reload, in  1.036 seconds
Domain Reload Profiling:
	ReloadAssembly (1037ms)
		BeginReloadAssembly (125ms)
			ExecutionOrderSort (0ms)
			DisableScriptedObjects (0ms)
			BackupInstance (0ms)
			ReleaseScriptingObjects (0ms)
			CreateAndSetChildDomain (2ms)
		EndReloadAssembly (722ms)
			LoadAssemblies (121ms)
			RebuildTransferFunctionScriptingTraits (0ms)
			SetupTypeCache (190ms)
			ReleaseScriptCaches (0ms)
			RebuildScriptCaches (46ms)
			SetupLoadedEditorAssemblies (401ms)
				LogAssemblyErrors (0ms)
				InitializePlatformSupportModulesInManaged (15ms)
				SetLoadedEditorAssemblies (0ms)
				RefreshPlugins (136ms)
				BeforeProcessingInitializeOnLoad (2ms)
				ProcessInitializeOnLoadAttributes (177ms)
				ProcessInitializeOnLoadMethodAttributes (70ms)
				AfterProcessingInitializeOnLoad (0ms)
				EditorAssembliesLoaded (0ms)
			ExecutionOrderSort2 (0ms)
			AwakeInstancesAfterBackupRestoration (0ms)
Platform modules already initialized, skipping
Registering precompiled user dll's ...
Registered in 0.010156 seconds.
Begin MonoManager ReloadAssembly
Symbol file LoadedFromMemory doesn't match image C:\Users\SuperGeeks Maceió\tccdudaa\Library\PackageCache\com.unity.visualscripting@1.8.0\Editor\VisualScripting.Core\Dependencies\YamlDotNet\Unity.VisualScripting.YamlDotNet.dll
Symbol file LoadedFromMemory doesn't match image C:\Users\SuperGeeks Maceió\tccdudaa\Library\PackageCache\com.unity.visualscripting@1.8.0\Editor\VisualScripting.Core\Dependencies\DotNetZip\Unity.VisualScripting.IonicZip.dll
Native extension for WindowsStandalone target not found
Native extension for WebGL target not found
Refreshing native plugins compatible for Editor in 0.71 ms, found 3 plugins.
Preloading 0 native plugins for Editor in 0.00 ms.
Mono: successfully reloaded assembly
- Completed reload, in  1.641 seconds
Domain Reload Profiling:
	ReloadAssembly (1642ms)
		BeginReloadAssembly (185ms)
			ExecutionOrderSort (0ms)
			DisableScriptedObjects (7ms)
			BackupInstance (0ms)
			ReleaseScriptingObjects (0ms)
			CreateAndSetChildDomain (31ms)
		EndReloadAssembly (1238ms)
			LoadAssemblies (136ms)
			RebuildTransferFunctionScriptingTraits (0ms)
			SetupTypeCache (402ms)
			ReleaseScriptCaches (1ms)
			RebuildScriptCaches (65ms)
			SetupLoadedEditorAssemblies (614ms)
				LogAssemblyErrors (0ms)
				InitializePlatformSupportModulesInManaged (9ms)
				SetLoadedEditorAssemblies (1ms)
				RefreshPlugins (1ms)
				BeforeProcessingInitializeOnLoad (146ms)
				ProcessInitializeOnLoadAttributes (405ms)
				ProcessInitializeOnLoadMethodAttributes (41ms)
				AfterProcessingInitializeOnLoad (11ms)
				EditorAssembliesLoaded (0ms)
			ExecutionOrderSort2 (0ms)
			AwakeInstancesAfterBackupRestoration (9ms)
Platform modules already initialized, skipping
========================================================================
Worker process is ready to serve import requests
Launched and connected shader compiler UnityShaderCompiler.exe after 0.06 seconds
Refreshing native plugins compatible for Editor in 1.05 ms, found 3 plugins.
Preloading 0 native plugins for Editor in 0.00 ms.
Unloading 3376 Unused Serialized files (Serialized files now loaded: 0)
Unloading 27 unused Assets / (113.9 KB). Loaded Objects now: 3833.
Memory consumption went from 115.6 MB to 115.5 MB.
Total: 6.812900 ms (FindLiveObjects: 0.395700 ms CreateObjectMapping: 0.348900 ms MarkObjects: 5.836200 ms  DeleteObjects: 0.230300 ms)

AssetImportParameters requested are different than current active one (requested -> active):
  custom:video-decoder-ogg-theora: a1e56fd34408186e4bbccfd4996cb3dc -> 
  custom:container-muxer-webm: aa71ff27fc2769a1b78a27578f13a17b -> 
  custom:container-demuxer-webm: 4f35f7cbe854078d1ac9338744f61a02 -> 
  custom:video-encoder-webm-vp8: eb34c28f22e8b96e1ab97ce403110664 -> 
  custom:audio-encoder-webm-vorbis: bf7c407c2cedff20999df2af8eb42d56 -> 
  custom:framework-win-MediaFoundation: 216162199b28c13a410421893ffa2e32 -> 
  custom:container-demuxer-ogg: 62fdf1f143b41e24485cea50d1cbac27 -> 
  custom:video-decoder-webm-vp8: 9c59270c3fd7afecdb556c50c9e8de78 -> 
  custom:audio-decoder-ogg-vorbis: bf7c407c2cedff20999df2af8eb42d56 -> 
========================================================================
Received Import Request.
  Time since last request: 17790.912665 seconds.
  path: Assets/detail_forest.fbx
  artifactKey: Guid(a94fe84b763ca264ca2b7dfa5771cf1a) Importer(815301076,1909f56bfc062723c751e8b465ee728b)
Start importing Assets/detail_forest.fbx using Guid(a94fe84b763ca264ca2b7dfa5771cf1a) Importer(815301076,1909f56bfc062723c751e8b465ee728b)  -> (artifact id: '613e1968eb06ecaab6772a490f82f8cd') in 0.468261 seconds 
========================================================================
Received Import Request.
  Time since last request: 0.000036 seconds.
  path: Assets/diamond_teamBlue.fbx
  artifactKey: Guid(98e5fec2ecee42b46943cd9c5272147b) Importer(815301076,1909f56bfc062723c751e8b465ee728b)
Start importing Assets/diamond_teamBlue.fbx using Guid(98e5fec2ecee42b46943cd9c5272147b) Importer(815301076,1909f56bfc062723c751e8b465ee728b)  -> (artifact id: 'a77c59364fd06301922a83159c6c6e03') in 0.061373 seconds 
========================================================================
Received Import Request.
  Time since last request: 0.000035 seconds.
  path: Assets/heart_teamBlue.fbx
  artifactKey: Guid(60a20f48f3e54ec44b80c841120e3a0a) Importer(815301076,1909f56bfc062723c751e8b465ee728b)
Start importing Assets/heart_teamBlue.fbx using Guid(60a20f48f3e54ec44b80c841120e3a0a) Importer(815301076,1909f56bfc062723c751e8b465ee728b)  -> (artifact id: '9442dce2b2bf11d7ebaed335372b6af5') in 0.060557 seconds 
========================================================================
Received Import Request.
  Time since last request: 0.000027 seconds.
  path: Assets/powerupBomb.fbx
  artifactKey: Guid(8834e95472da281499f817566c3b3964) Importer(815301076,1909f56bfc062723c751e8b465ee728b)
Start importing Assets/powerupBomb.fbx using Guid(8834e95472da281499f817566c3b3964) Importer(815301076,1909f56bfc062723c751e8b465ee728b)  -> (artifact id: '304b28fb5902004151afadb14d8e2750') in 0.092598 seconds 
========================================================================
Received Import Request.
  Time since last request: 0.000037 seconds.
  path: Assets/gateLargeWide_teamBlue.fbx
  artifactKey: Guid(ffa5a8df13ed8e54ea825b11bc897f17) Importer(815301076,1909f56bfc062723c751e8b465ee728b)
Start importing Assets/gateLargeWide_teamBlue.fbx using Guid(ffa5a8df13ed8e54ea825b11bc897f17) Importer(815301076,1909f56bfc062723c751e8b465ee728b)  -> (artifact id: 'dbeee679b24c3f1a013f35a3689fb206') in 0.104880 seconds 
========================================================================
Received Import Request.
  Time since last request: 0.000052 seconds.
  path: Assets/ball.fbx
  artifactKey: Guid(c289fa798b1196e44a839f1fdc77cb53) Importer(815301076,1909f56bfc062723c751e8b465ee728b)
Start importing Assets/ball.fbx using Guid(c289fa798b1196e44a839f1fdc77cb53) Importer(815301076,1909f56bfc062723c751e8b465ee728b)  -> (artifact id: '4e0938b99ab2d5f4b8700e812b8f114f') in 0.108159 seconds 
========================================================================
Received Import Request.
  Time since last request: 0.000050 seconds.
  path: Assets/rocksA_forest.fbx
  artifactKey: Guid(f2ebc41a0178b084b9f8e654ae2809f6) Importer(815301076,1909f56bfc062723c751e8b465ee728b)
Start importing Assets/rocksA_forest.fbx using Guid(f2ebc41a0178b084b9f8e654ae2809f6) Importer(815301076,1909f56bfc062723c751e8b465ee728b)  -> (artifact id: '399a44107e4116955f2b8d1fdd499f78') in 0.069180 seconds 
========================================================================
Received Import Request.
  Time since last request: 0.000026 seconds.
  path: Assets/flag_teamBlue.fbx
  artifactKey: Guid(af5c8ea4a7945f545978f09c1b60eb83) Importer(815301076,1909f56bfc062723c751e8b465ee728b)
Start importing Assets/flag_teamBlue.fbx using Guid(af5c8ea4a7945f545978f09c1b60eb83) Importer(815301076,1909f56bfc062723c751e8b465ee728b)  -> (artifact id: '1ae3b84eb75b71e886aeeeeb674e28bb') in 0.066424 seconds 
========================================================================
Received Import Request.
  Time since last request: 0.000028 seconds.
  path: Assets/spikeRoller.fbx
  artifactKey: Guid(ad4139f1ed0c62f4cb2578cbe06dd11f) Importer(815301076,1909f56bfc062723c751e8b465ee728b)
Start importing Assets/spikeRoller.fbx using Guid(ad4139f1ed0c62f4cb2578cbe06dd11f) Importer(815301076,1909f56bfc062723c751e8b465ee728b)  -> (artifact id: '112f3431eca3e3d0ca72d179aefa9876') in 0.068664 seconds 
========================================================================
Received Import Request.
  Time since last request: 0.000034 seconds.
  path: Assets/rocksB_desert.fbx
  artifactKey: Guid(93f1f6e3fc0bae74baaadf6944cfbb63) Importer(815301076,1909f56bfc062723c751e8b465ee728b)
Start importing Assets/rocksB_desert.fbx using Guid(93f1f6e3fc0bae74baaadf6944cfbb63) Importer(815301076,1909f56bfc062723c751e8b465ee728b)  -> (artifact id: 'b8473e4ca936facd9734b786ff06e00c') in 0.052334 seconds 
========================================================================
Received Import Request.
  Time since last request: 0.000086 seconds.
  path: Assets/arrow_teamRed.fbx
  artifactKey: Guid(4b4c8644218ffbc4fa414fb9364f6a17) Importer(815301076,1909f56bfc062723c751e8b465ee728b)
Start importing Assets/arrow_teamRed.fbx using Guid(4b4c8644218ffbc4fa414fb9364f6a17) Importer(815301076,1909f56bfc062723c751e8b465ee728b)  -> (artifact id: '6dbfd2edc785e011905519aa88c3df6c') in 0.064914 seconds 
========================================================================
Received Import Request.
  Time since last request: 0.000029 seconds.
  path: Assets/bow_teamYellow.fbx
  artifactKey: Guid(364ab2a4cb318a44dbf1d93cc07b0ffc) Importer(815301076,1909f56bfc062723c751e8b465ee728b)
Start importing Assets/bow_teamYellow.fbx using Guid(364ab2a4cb318a44dbf1d93cc07b0ffc) Importer(815301076,1909f56bfc062723c751e8b465ee728b)  -> (artifact id: 'e6e0a1e1a4dbc2bef0540ee2da1bb5ce') in 0.064664 seconds 
========================================================================
Received Import Request.
  Time since last request: 0.000028 seconds.
  path: Assets/barrierFloor.fbx
  artifactKey: Guid(e5e51496b9cd8e34ca70b681d457f6d8) Importer(815301076,1909f56bfc062723c751e8b465ee728b)
Start importing Assets/barrierFloor.fbx using Guid(e5e51496b9cd8e34ca70b681d457f6d8) Importer(815301076,1909f56bfc062723c751e8b465ee728b)  -> (artifact id: 'b0ccbe3002649fdb251d438d4e971057') in 0.078263 seconds 
========================================================================
Received Import Request.
  Time since last request: 0.000036 seconds.
  path: Assets/arrow_teamYellow.fbx
  artifactKey: Guid(9140fe93243b07b4f98d7ca27734ef17) Importer(815301076,1909f56bfc062723c751e8b465ee728b)
Start importing Assets/arrow_teamYellow.fbx using Guid(9140fe93243b07b4f98d7ca27734ef17) Importer(815301076,1909f56bfc062723c751e8b465ee728b)  -> (artifact id: '5c82800d6aadc76ee54f4803df56e629') in 0.077456 seconds 
========================================================================
Received Import Request.
  Time since last request: 0.000062 seconds.
  path: Assets/gateSmall_teamYellow.fbx
  artifactKey: Guid(0655294a61aa0084da1aec9304af62db) Importer(815301076,1909f56bfc062723c751e8b465ee728b)
Start importing Assets/gateSmall_teamYellow.fbx using Guid(0655294a61aa0084da1aec9304af62db) Importer(815301076,1909f56bfc062723c751e8b465ee728b)  -> (artifact id: 'a1aff48ef974110a48e2f166d44120f2') in 0.107053 seconds 
========================================================================
Received Import Request.
  Time since last request: 0.000056 seconds.
  path: Assets/gateSmallWide_teamYellow.fbx
  artifactKey: Guid(a78f2ea255464124e98f821f4d848bd6) Importer(815301076,1909f56bfc062723c751e8b465ee728b)
Start importing Assets/gateSmallWide_teamYellow.fbx using Guid(a78f2ea255464124e98f821f4d848bd6) Importer(815301076,1909f56bfc062723c751e8b465ee728b)  -> (artifact id: '1421ef3762217d9209cedc013cf16b16') in 0.121066 seconds 
========================================================================
Received Import Request.
  Time since last request: 0.000068 seconds.
  path: Assets/bomb_teamRed.fbx
  artifactKey: Guid(ceb6fd7f8ec17a8429ff6ca18c37f167) Importer(815301076,1909f56bfc062723c751e8b465ee728b)
Start importing Assets/bomb_teamRed.fbx using Guid(ceb6fd7f8ec17a8429ff6ca18c37f167) Importer(815301076,1909f56bfc062723c751e8b465ee728b)  -> (artifact id: 'a2d01b8ccd39cbd4a59ab0228c5f5da9') in 0.120319 seconds 
========================================================================
Received Import Request.
  Time since last request: 0.000042 seconds.
  path: Assets/button_teamRed.fbx
  artifactKey: Guid(a9aa653ab8eeb2b408fe2db02ba6aaea) Importer(815301076,1909f56bfc062723c751e8b465ee728b)
Start importing Assets/button_teamRed.fbx using Guid(a9aa653ab8eeb2b408fe2db02ba6aaea) Importer(815301076,1909f56bfc062723c751e8b465ee728b)  -> (artifact id: 'e7c490166963fefd060592e904c56a11') in 0.085030 seconds 
========================================================================
Received Import Request.
  Time since last request: 0.000034 seconds.
  path: Assets/slingshot_teamRed.fbx
  artifactKey: Guid(2d39cbc539c2c8c42a78b3e6f362cb9a) Importer(815301076,1909f56bfc062723c751e8b465ee728b)
Start importing Assets/slingshot_teamRed.fbx using Guid(2d39cbc539c2c8c42a78b3e6f362cb9a) Importer(815301076,1909f56bfc062723c751e8b465ee728b)  -> (artifact id: '0b28a1ae2b521b20e3c88ba93ea995a2') in 0.054826 seconds 
========================================================================
Received Import Request.
  Time since last request: 0.000028 seconds.
  path: Assets/flag_teamRed.fbx
  artifactKey: Guid(ad394d2b9537a9440a91c6a6e36dee32) Importer(815301076,1909f56bfc062723c751e8b465ee728b)
Start importing Assets/flag_teamRed.fbx using Guid(ad394d2b9537a9440a91c6a6e36dee32) Importer(815301076,1909f56bfc062723c751e8b465ee728b)  -> (artifact id: '16538406efde0760495e7f6d17607671') in 0.066222 seconds 
========================================================================
Received Import Request.
  Time since last request: 0.000031 seconds.
  path: Assets/ball_teamYellow.fbx
  artifactKey: Guid(d35fd902d3981a642be6b02fdf8b2346) Importer(815301076,1909f56bfc062723c751e8b465ee728b)
Start importing Assets/ball_teamYellow.fbx using Guid(d35fd902d3981a642be6b02fdf8b2346) Importer(815301076,1909f56bfc062723c751e8b465ee728b)  -> (artifact id: 'a604c2c386838b9be229454180dd4146') in 0.058516 seconds 
========================================================================
Received Import Request.
  Time since last request: 0.000035 seconds.
  path: Assets/heart_teamYellow.fbx
  artifactKey: Guid(2e6fa61a38b10ed468b67c53332d87a7) Importer(815301076,1909f56bfc062723c751e8b465ee728b)
Start importing Assets/heart_teamYellow.fbx using Guid(2e6fa61a38b10ed468b67c53332d87a7) Importer(815301076,1909f56bfc062723c751e8b465ee728b)  -> (artifact id: 'a60a034a34aaf262e8b50b4fd9937435') in 0.052486 seconds 
========================================================================
Received Import Request.
  Time since last request: 0.000021 seconds.
  path: Assets/gateLarge_teamYellow.fbx
  artifactKey: Guid(f3c92a593a40feb41ba794dd87a3dae5) Importer(815301076,1909f56bfc062723c751e8b465ee728b)
Start importing Assets/gateLarge_teamYellow.fbx using Guid(f3c92a593a40feb41ba794dd87a3dae5) Importer(815301076,1909f56bfc062723c751e8b465ee728b)  -> (artifact id: '4a00c82ed6ca0d566459c24089ee2511') in 0.054082 seconds 
========================================================================
Received Import Request.
  Time since last request: 0.000029 seconds.
  path: Assets/barrierStrut.fbx
  artifactKey: Guid(5bc3c79e3ecede546869d30fce33b286) Importer(815301076,1909f56bfc062723c751e8b465ee728b)
Start importing Assets/barrierStrut.fbx using Guid(5bc3c79e3ecede546869d30fce33b286) Importer(815301076,1909f56bfc062723c751e8b465ee728b)  -> (artifact id: 'c3de616214726401ae813aaf27cdbfd1') in 0.048026 seconds 
========================================================================
Received Import Request.
  Time since last request: 0.000029 seconds.
  path: Assets/gateLargeWide_teamYellow.fbx
  artifactKey: Guid(77f0e755a21309f4bb17ef210f8df5cf) Importer(815301076,1909f56bfc062723c751e8b465ee728b)
Start importing Assets/gateLargeWide_teamYellow.fbx using Guid(77f0e755a21309f4bb17ef210f8df5cf) Importer(815301076,1909f56bfc062723c751e8b465ee728b)  -> (artifact id: 'bae417661b337dbfec9f559ca9878ef6') in 0.048816 seconds 
========================================================================
Received Import Request.
  Time since last request: 0.000035 seconds.
  path: Assets/gateLarge_teamRed.fbx
  artifactKey: Guid(67b738a3aa433fe43b6a38a6d7caae5f) Importer(815301076,1909f56bfc062723c751e8b465ee728b)
Start importing Assets/gateLarge_teamRed.fbx using Guid(67b738a3aa433fe43b6a38a6d7caae5f) Importer(815301076,1909f56bfc062723c751e8b465ee728b)  -> (artifact id: '18a432b8c6cf658520413d6833732e27') in 0.066566 seconds 
========================================================================
Received Import Request.
  Time since last request: 0.000035 seconds.
  path: Assets/barrierLarge.fbx
  artifactKey: Guid(d87164d7905aa4a4da9496400962d475) Importer(815301076,1909f56bfc062723c751e8b465ee728b)
Start importing Assets/barrierLarge.fbx using Guid(d87164d7905aa4a4da9496400962d475) Importer(815301076,1909f56bfc062723c751e8b465ee728b)  -> (artifact id: '9f9dfe1303654e040f145314c32bbd2c') in 0.110730 seconds 
========================================================================
Received Import Request.
  Time since last request: 0.000041 seconds.
  path: Assets/plantB_forest.fbx
  artifactKey: Guid(7fdfb028710109843b9cdded43355aa8) Importer(815301076,1909f56bfc062723c751e8b465ee728b)
Start importing Assets/plantB_forest.fbx using Guid(7fdfb028710109843b9cdded43355aa8) Importer(815301076,1909f56bfc062723c751e8b465ee728b)  -> (artifact id: '611e069e80af6879be5f1e654c499519') in 0.107105 seconds 
========================================================================
Received Import Request.
  Time since last request: 0.000040 seconds.
  path: Assets/bow_teamRed.fbx
  artifactKey: Guid(6eeec11708c9c9f499bb2bf3125c5b49) Importer(815301076,1909f56bfc062723c751e8b465ee728b)
Start importing Assets/bow_teamRed.fbx using Guid(6eeec11708c9c9f499bb2bf3125c5b49) Importer(815301076,1909f56bfc062723c751e8b465ee728b)  -> (artifact id: '9ac36111c9514de3de30e759286adf9f') in 0.105122 seconds 
========================================================================
Received Import Request.
  Time since last request: 0.000045 seconds.
  path: Assets/plantB_desert.fbx
  artifactKey: Guid(c9c2e03f01bcc0044b64a6b480f26578) Importer(815301076,1909f56bfc062723c751e8b465ee728b)
Start importing Assets/plantB_desert.fbx using Guid(c9c2e03f01bcc0044b64a6b480f26578) Importer(815301076,1909f56bfc062723c751e8b465ee728b)  -> (artifact id: 'd549c359a18a28a5f07f5b7136add5a2') in 0.076773 seconds 
========================================================================
Received Import Request.
  Time since last request: 0.000029 seconds.
  path: Assets/powerupBlock_teamRed.fbx
  artifactKey: Guid(3d9d6071df14482488bce88410d4c5ca) Importer(815301076,1909f56bfc062723c751e8b465ee728b)
Start importing Assets/powerupBlock_teamRed.fbx using Guid(3d9d6071df14482488bce88410d4c5ca) Importer(815301076,1909f56bfc062723c751e8b465ee728b)  -> (artifact id: '301f5cf9f0e4ceee9215f645d9c6c98b') in 0.055446 seconds 
========================================================================
Received Import Request.
  Time since last request: 0.000028 seconds.
  path: Assets/slingshot_teamYellow.fbx
  artifactKey: Guid(2865e887acf6ff941947bd43f01c84db) Importer(815301076,1909f56bfc062723c751e8b465ee728b)
Start importing Assets/slingshot_teamYellow.fbx using Guid(2865e887acf6ff941947bd43f01c84db) Importer(815301076,1909f56bfc062723c751e8b465ee728b)  -> (artifact id: 'c04464ccfe7559289a609ad6872d965a') in 0.055752 seconds 
========================================================================
Received Import Request.
  Time since last request: 0.000047 seconds.
  path: Assets/barrierSmall.fbx
  artifactKey: Guid(8e905a745846f3746a2ae8f02bf8c978) Importer(815301076,1909f56bfc062723c751e8b465ee728b)
Start importing Assets/barrierSmall.fbx using Guid(8e905a745846f3746a2ae8f02bf8c978) Importer(815301076,1909f56bfc062723c751e8b465ee728b)  -> (artifact id: 'd4e0d262986d2e71d335c26a305f98a9') in 0.051538 seconds 
========================================================================
Received Import Request.
  Time since last request: 0.000040 seconds.
  path: Assets/bomb_teamBlue.fbx
  artifactKey: Guid(d8b082fb38d1dcd43a771a0e120c804d) Importer(815301076,1909f56bfc062723c751e8b465ee728b)
Start importing Assets/bomb_teamBlue.fbx using Guid(d8b082fb38d1dcd43a771a0e120c804d) Importer(815301076,1909f56bfc062723c751e8b465ee728b)  -> (artifact id: 'daa6698769d89cf082f91aea5d9c4155') in 0.064737 seconds 
========================================================================
Received Import Request.
  Time since last request: 0.000031 seconds.
  path: Assets/flag_teamYellow.fbx
  artifactKey: Guid(81ef462033e16ab43bd91c9803e926d2) Importer(815301076,1909f56bfc062723c751e8b465ee728b)
Start importing Assets/flag_teamYellow.fbx using Guid(81ef462033e16ab43bd91c9803e926d2) Importer(815301076,1909f56bfc062723c751e8b465ee728b)  -> (artifact id: 'd9386407b747bb4fbbf2dcda4079ece3') in 0.085660 seconds 
========================================================================
Received Import Request.
  Time since last request: 0.000031 seconds.
  path: Assets/rocksB_forest.fbx
  artifactKey: Guid(a12400d6f83bdee4e9ea9113e99dee89) Importer(815301076,1909f56bfc062723c751e8b465ee728b)
Start importing Assets/rocksB_forest.fbx using Guid(a12400d6f83bdee4e9ea9113e99dee89) Importer(815301076,1909f56bfc062723c751e8b465ee728b)  -> (artifact id: '763e6edc21342b23f57c88416e28a081') in 0.049487 seconds 
========================================================================
Received Import Request.
  Time since last request: 0.000033 seconds.
  path: Assets/blaster_teamRed.fbx
  artifactKey: Guid(db933c9295663af40898137c6aad8705) Importer(815301076,1909f56bfc062723c751e8b465ee728b)
Start importing Assets/blaster_teamRed.fbx using Guid(db933c9295663af40898137c6aad8705) Importer(815301076,1909f56bfc062723c751e8b465ee728b)  -> (artifact id: '4feb4903449ea514f177771ee29a8894') in 0.052824 seconds 
========================================================================
Received Import Request.
  Time since last request: 0.000038 seconds.
  path: Assets/gateSmall_teamRed.fbx
  artifactKey: Guid(21dd6ecb6dba7ed44878238f75e958a6) Importer(815301076,1909f56bfc062723c751e8b465ee728b)
Start importing Assets/gateSmall_teamRed.fbx using Guid(21dd6ecb6dba7ed44878238f75e958a6) Importer(815301076,1909f56bfc062723c751e8b465ee728b)  -> (artifact id: '3cd9ca138577ed91edfb8c1910ba50bd') in 0.050050 seconds 
========================================================================
Received Import Request.
  Time since last request: 0.000030 seconds.
  path: Assets/star.fbx
  artifactKey: Guid(e7fdffb7dabf7bf4fa68eb5165bfb4db) Importer(815301076,1909f56bfc062723c751e8b465ee728b)
Start importing Assets/star.fbx using Guid(e7fdffb7dabf7bf4fa68eb5165bfb4db) Importer(815301076,1909f56bfc062723c751e8b465ee728b)  -> (artifact id: 'a599974590ded8bd7e40dd820681ca80') in 0.045662 seconds 
========================================================================
Received Import Request.
  Time since last request: 0.000027 seconds.
  path: Assets/rocksA_desert.fbx
  artifactKey: Guid(353c951f271c5c048b39d55bd7344c52) Importer(815301076,1909f56bfc062723c751e8b465ee728b)
Start importing Assets/rocksA_desert.fbx using Guid(353c951f271c5c048b39d55bd7344c52) Importer(815301076,1909f56bfc062723c751e8b465ee728b)  -> (artifact id: '96bc45cf28b5f75d351fb832b4966f42') in 0.045340 seconds 
========================================================================
Received Import Request.
  Time since last request: 0.000034 seconds.
  path: Assets/plantA_forest.fbx
  artifactKey: Guid(fa2bd30af29756c41b01782eee917df7) Importer(815301076,1909f56bfc062723c751e8b465ee728b)
Start importing Assets/plantA_forest.fbx using Guid(fa2bd30af29756c41b01782eee917df7) Importer(815301076,1909f56bfc062723c751e8b465ee728b)  -> (artifact id: 'fc84e646df16146432d01c59d4d97693') in 0.079148 seconds 
========================================================================
Received Import Request.
  Time since last request: 0.000074 seconds.
  path: Assets/slingshot_teamBlue.fbx
  artifactKey: Guid(f69579a737fb68c45b450c6b222ce0fb) Importer(815301076,1909f56bfc062723c751e8b465ee728b)
Start importing Assets/slingshot_teamBlue.fbx using Guid(f69579a737fb68c45b450c6b222ce0fb) Importer(815301076,1909f56bfc062723c751e8b465ee728b)  -> (artifact id: 'd37d98df8b280ebc8a567b687134ca1f') in 0.102132 seconds 
========================================================================
Received Import Request.
  Time since last request: 0.000043 seconds.
  path: Assets/hoop_teamYellow.fbx
  artifactKey: Guid(d982c53e5a96a824b89521d28bedd771) Importer(815301076,1909f56bfc062723c751e8b465ee728b)
Start importing Assets/hoop_teamYellow.fbx using Guid(d982c53e5a96a824b89521d28bedd771) Importer(815301076,1909f56bfc062723c751e8b465ee728b)  -> (artifact id: 'dcbc77fcf73e5f36b18ada672b07ea23') in 0.093819 seconds 
========================================================================
Received Import Request.
  Time since last request: 0.000033 seconds.
  path: Assets/ball_teamRed.fbx
  artifactKey: Guid(0ee9655a50878834f963b8e2042e8832) Importer(815301076,1909f56bfc062723c751e8b465ee728b)
Start importing Assets/ball_teamRed.fbx using Guid(0ee9655a50878834f963b8e2042e8832) Importer(815301076,1909f56bfc062723c751e8b465ee728b)  -> (artifact id: '7b8e4fc0bc4b0850d331fc5c6043f0d3') in 0.057548 seconds 
========================================================================
Received Import Request.
  Time since last request: 0.000029 seconds.
  path: Assets/gateLargeWide_teamRed.fbx
  artifactKey: Guid(8398adefc8a6bdd45822a7df0400e6d9) Importer(815301076,1909f56bfc062723c751e8b465ee728b)
Start importing Assets/gateLargeWide_teamRed.fbx using Guid(8398adefc8a6bdd45822a7df0400e6d9) Importer(815301076,1909f56bfc062723c751e8b465ee728b)  -> (artifact id: '958b371966432143acacfcb52e3cfc1c') in 0.050665 seconds 
========================================================================
Received Import Request.
  Time since last request: 0.000037 seconds.
  path: Assets/plantA_desert.fbx
  artifactKey: Guid(ce1e19983e4bf634f96ae41fc524bf44) Importer(815301076,1909f56bfc062723c751e8b465ee728b)
Start importing Assets/plantA_desert.fbx using Guid(ce1e19983e4bf634f96ae41fc524bf44) Importer(815301076,1909f56bfc062723c751e8b465ee728b)  -> (artifact id: '87c5a21100e56959ada9546e5da4c071') in 0.049720 seconds 
========================================================================
Received Import Request.
  Time since last request: 0.000058 seconds.
  path: Assets/bow_teamBlue.fbx
  artifactKey: Guid(eee37563613317044b754b47f27d3a75) Importer(815301076,1909f56bfc062723c751e8b465ee728b)
Start importing Assets/bow_teamBlue.fbx using Guid(eee37563613317044b754b47f27d3a75) Importer(815301076,1909f56bfc062723c751e8b465ee728b)  -> (artifact id: 'ca57ab0fe755e1c0727a9af1e819cccb') in 0.063815 seconds 
========================================================================
Received Import Request.
  Time since last request: 0.000032 seconds.
  path: Assets/hoop_teamRed.fbx
  artifactKey: Guid(b5de0c58fa3ae2a4c80f7a95b53e04ba) Importer(815301076,1909f56bfc062723c751e8b465ee728b)
Start importing Assets/hoop_teamRed.fbx using Guid(b5de0c58fa3ae2a4c80f7a95b53e04ba) Importer(815301076,1909f56bfc062723c751e8b465ee728b)  -> (artifact id: '90d5ed6bfd41ab860f3ea247455140a6') in 0.055711 seconds 
========================================================================
Received Import Request.
  Time since last request: 0.000029 seconds.
  path: Assets/gateSmallWide_teamRed.fbx
  artifactKey: Guid(17dc08e5915902f429f406de5362aee7) Importer(815301076,1909f56bfc062723c751e8b465ee728b)
Start importing Assets/gateSmallWide_teamRed.fbx using Guid(17dc08e5915902f429f406de5362aee7) Importer(815301076,1909f56bfc062723c751e8b465ee728b)  -> (artifact id: 'dd0b11d823ae02597457899539957c4f') in 0.049041 seconds 
========================================================================
Received Import Request.
  Time since last request: 0.000029 seconds.
  path: Assets/ring_teamRed.fbx
  artifactKey: Guid(48014052dd0de394f9a6593b432c71c5) Importer(815301076,1909f56bfc062723c751e8b465ee728b)
Start importing Assets/ring_teamRed.fbx using Guid(48014052dd0de394f9a6593b432c71c5) Importer(815301076,1909f56bfc062723c751e8b465ee728b)  -> (artifact id: '20cafe8a211a310d61ddf054d7f4535d') in 0.055758 seconds 
========================================================================
Received Import Request.
  Time since last request: 0.000032 seconds.
  path: Assets/lightning.fbx
  artifactKey: Guid(aea499deca5305a4b97806acda7a88c4) Importer(815301076,1909f56bfc062723c751e8b465ee728b)
Start importing Assets/lightning.fbx using Guid(aea499deca5305a4b97806acda7a88c4) Importer(815301076,1909f56bfc062723c751e8b465ee728b)  -> (artifact id: '8e31122851ad2401bcd44ab6c91cf28d') in 0.046350 seconds 
========================================================================
Received Import Request.
  Time since last request: 0.000079 seconds.
  path: Assets/blaster_teamBlue.fbx
  artifactKey: Guid(72f69220232526a459727d84ce752366) Importer(815301076,1909f56bfc062723c751e8b465ee728b)
Start importing Assets/blaster_teamBlue.fbx using Guid(72f69220232526a459727d84ce752366) Importer(815301076,1909f56bfc062723c751e8b465ee728b)  -> (artifact id: '1bf12c06da765ea76748d38f917c5c1d') in 0.051639 seconds 
========================================================================
Received Import Request.
  Time since last request: 0.000030 seconds.
  path: Assets/powerupBlock_teamYellow.fbx
  artifactKey: Guid(33624be23013d5d4f8eed7e1a2739d49) Importer(815301076,1909f56bfc062723c751e8b465ee728b)
Start importing Assets/powerupBlock_teamYellow.fbx using Guid(33624be23013d5d4f8eed7e1a2739d49) Importer(815301076,1909f56bfc062723c751e8b465ee728b)  -> (artifact id: 'c2e826998fa4542c56e2aa2a8bbf5e0a') in 0.049757 seconds 
========================================================================
Received Import Request.
  Time since last request: 0.000023 seconds.
  path: Assets/ring_teamBlue.fbx
  artifactKey: Guid(2df06f708d5745b48ac36903552b812a) Importer(815301076,1909f56bfc062723c751e8b465ee728b)
Start importing Assets/ring_teamBlue.fbx using Guid(2df06f708d5745b48ac36903552b812a) Importer(815301076,1909f56bfc062723c751e8b465ee728b)  -> (artifact id: '0cdfec4b5abd35b032b229d34269c5c8') in 0.052290 seconds 
========================================================================
Received Import Request.
  Time since last request: 0.000030 seconds.
  path: Assets/ball_teamBlue.fbx
  artifactKey: Guid(2ccfe773702573a41982425541219a86) Importer(815301076,1909f56bfc062723c751e8b465ee728b)
Start importing Assets/ball_teamBlue.fbx using Guid(2ccfe773702573a41982425541219a86) Importer(815301076,1909f56bfc062723c751e8b465ee728b)  -> (artifact id: '7b2761d4cf91d1c496bfd9b1e8039ec4') in 0.054427 seconds 
========================================================================
Received Import Request.
  Time since last request: 0.000030 seconds.
  path: Assets/gateSmall_teamBlue.fbx
  artifactKey: Guid(59fe9500107cf4443a14462c9cb06f14) Importer(815301076,1909f56bfc062723c751e8b465ee728b)
Start importing Assets/gateSmall_teamBlue.fbx using Guid(59fe9500107cf4443a14462c9cb06f14) Importer(815301076,1909f56bfc062723c751e8b465ee728b)  -> (artifact id: '8c9f32ed242bb2e81038d4c25c8db1f5') in 0.064718 seconds 
========================================================================
Received Import Request.
  Time since last request: 0.000039 seconds.
  path: Assets/heart_teamRed.fbx
  artifactKey: Guid(c890c21b3077dae42bf6de5194ee2881) Importer(815301076,1909f56bfc062723c751e8b465ee728b)
Start importing Assets/heart_teamRed.fbx using Guid(c890c21b3077dae42bf6de5194ee2881) Importer(815301076,1909f56bfc062723c751e8b465ee728b)  -> (artifact id: 'd794d7c1f9698ebcd69938d9e869ea92') in 0.047129 seconds 
========================================================================
Received Import Request.
  Time since last request: 0.000019 seconds.
  path: Assets/barrierLadder.fbx
  artifactKey: Guid(0ed3079567183f54c9b6211780f9a14b) Importer(815301076,1909f56bfc062723c751e8b465ee728b)
Start importing Assets/barrierLadder.fbx using Guid(0ed3079567183f54c9b6211780f9a14b) Importer(815301076,1909f56bfc062723c751e8b465ee728b)  -> (artifact id: 'c854224bb3e07433daead6b846de4870') in 0.101716 seconds 
========================================================================
Received Import Request.
  Time since last request: 0.000097 seconds.
  path: Assets/swiper_teamYellow.fbx
  artifactKey: Guid(baba4b074c406a741ae5fcd314fb834d) Importer(815301076,1909f56bfc062723c751e8b465ee728b)
Start importing Assets/swiper_teamYellow.fbx using Guid(baba4b074c406a741ae5fcd314fb834d) Importer(815301076,1909f56bfc062723c751e8b465ee728b)  -> (artifact id: 'e49cfbfff47013ef375f676eda51c190') in 0.129613 seconds 
========================================================================
Received Import Request.
  Time since last request: 0.000041 seconds.
  path: Assets/blaster_teamYellow.fbx
  artifactKey: Guid(5f6c66d327042b7449672028772420a4) Importer(815301076,1909f56bfc062723c751e8b465ee728b)
Start importing Assets/blaster_teamYellow.fbx using Guid(5f6c66d327042b7449672028772420a4) Importer(815301076,1909f56bfc062723c751e8b465ee728b)  -> (artifact id: 'acef7b59ba74b69f6661804ecfc40ce2') in 0.062257 seconds 
========================================================================
Received Import Request.
  Time since last request: 0.000038 seconds.
  path: Assets/powerupBlock_teamBlue.fbx
  artifactKey: Guid(9e75508d412184f4da9e1425b68deb4a) Importer(815301076,1909f56bfc062723c751e8b465ee728b)
Start importing Assets/powerupBlock_teamBlue.fbx using Guid(9e75508d412184f4da9e1425b68deb4a) Importer(815301076,1909f56bfc062723c751e8b465ee728b)  -> (artifact id: '4e60efb12587fcc243076086ea881cde') in 0.032798 seconds 
========================================================================
Received Import Request.
  Time since last request: 0.000037 seconds.
  path: Assets/barrierMedium.fbx
  artifactKey: Guid(1aa499e4a7ccd2e47837a21eab6e266b) Importer(815301076,1909f56bfc062723c751e8b465ee728b)
Start importing Assets/barrierMedium.fbx using Guid(1aa499e4a7ccd2e47837a21eab6e266b) Importer(815301076,1909f56bfc062723c751e8b465ee728b)  -> (artifact id: 'b0f4936e25f37d844e235e7734360e12') in 0.032893 seconds 
========================================================================
Received Import Request.
  Time since last request: 0.000031 seconds.
  path: Assets/detail_desert.fbx
  artifactKey: Guid(a0a26a6f8963eb545a55cc7b9ecc91b4) Importer(815301076,1909f56bfc062723c751e8b465ee728b)
Start importing Assets/detail_desert.fbx using Guid(a0a26a6f8963eb545a55cc7b9ecc91b4) Importer(815301076,1909f56bfc062723c751e8b465ee728b)  -> (artifact id: 'b15a36dcccd3af0836bcf777c9c9f8f5') in 0.038207 seconds 
========================================================================
Received Import Request.
  Time since last request: 0.000031 seconds.
  path: Assets/swiper_teamRed.fbx
  artifactKey: Guid(640ee4ab3d2fbef41b8600bee43e3631) Importer(815301076,1909f56bfc062723c751e8b465ee728b)
Start importing Assets/swiper_teamRed.fbx using Guid(640ee4ab3d2fbef41b8600bee43e3631) Importer(815301076,1909f56bfc062723c751e8b465ee728b)  -> (artifact id: '8d4ef3ebe681dfce2b5e6b6052dc7737') in 0.045531 seconds 
========================================================================
Received Import Request.
  Time since last request: 0.000031 seconds.
  path: Assets/arrow_teamBlue.fbx
  artifactKey: Guid(9b492dc3c9ffad84191d1869c0ade136) Importer(815301076,1909f56bfc062723c751e8b465ee728b)
Start importing Assets/arrow_teamBlue.fbx using Guid(9b492dc3c9ffad84191d1869c0ade136) Importer(815301076,1909f56bfc062723c751e8b465ee728b)  -> (artifact id: '421ae9a27b1f8ebf32ffb8236ea72d6d') in 0.047927 seconds 
========================================================================
Received Import Request.
  Time since last request: 0.000036 seconds.
  path: Assets/button_teamYellow.fbx
  artifactKey: Guid(216c7db6bfd16594f9f4488239c9a1dc) Importer(815301076,1909f56bfc062723c751e8b465ee728b)
Start importing Assets/button_teamYellow.fbx using Guid(216c7db6bfd16594f9f4488239c9a1dc) Importer(815301076,1909f56bfc062723c751e8b465ee728b)  -> (artifact id: '9424b2528856f9ab536d4ed021a39dac') in 0.035093 seconds 
========================================================================
Received Import Request.
  Time since last request: 0.000032 seconds.
  path: Assets/gateSmallWide_teamBlue.fbx
  artifactKey: Guid(2db4ab5390332854eb774e675356a7ec) Importer(815301076,1909f56bfc062723c751e8b465ee728b)
Start importing Assets/gateSmallWide_teamBlue.fbx using Guid(2db4ab5390332854eb774e675356a7ec) Importer(815301076,1909f56bfc062723c751e8b465ee728b)  -> (artifact id: '3aef341fb4542afdfee603e426472547') in 0.027401 seconds 
========================================================================
Received Import Request.
  Time since last request: 0.000021 seconds.
  path: Assets/swiper_teamBlue.fbx
  artifactKey: Guid(c5285e0c498ed424e831a4e2552e8cfc) Importer(815301076,1909f56bfc062723c751e8b465ee728b)
Start importing Assets/swiper_teamBlue.fbx using Guid(c5285e0c498ed424e831a4e2552e8cfc) Importer(815301076,1909f56bfc062723c751e8b465ee728b)  -> (artifact id: 'f1341becd699d8e17e1604ada10f9a53') in 0.040480 seconds 
========================================================================
Received Import Request.
  Time since last request: 0.000031 seconds.
  path: Assets/ring_teamYellow.fbx
  artifactKey: Guid(6c95078679929b44194d20c2c7466e6e) Importer(815301076,1909f56bfc062723c751e8b465ee728b)
Start importing Assets/ring_teamYellow.fbx using Guid(6c95078679929b44194d20c2c7466e6e) Importer(815301076,1909f56bfc062723c751e8b465ee728b)  -> (artifact id: 'd5cee6f3bfb31a8c1f1e3e48ce38d70a') in 0.031670 seconds 
========================================================================
Received Import Request.
  Time since last request: 0.000031 seconds.
  path: Assets/gateLarge_teamBlue.fbx
  artifactKey: Guid(386c5eaf261d7a240872223b1cecd14d) Importer(815301076,1909f56bfc062723c751e8b465ee728b)
Start importing Assets/gateLarge_teamBlue.fbx using Guid(386c5eaf261d7a240872223b1cecd14d) Importer(815301076,1909f56bfc062723c751e8b465ee728b)  -> (artifact id: '41f0023229f5c8557b2419ae24f22169') in 0.026426 seconds 
========================================================================
Received Import Request.
  Time since last request: 0.000021 seconds.
  path: Assets/diamond_teamRed.fbx
  artifactKey: Guid(6bb9d0476e496b645ae1ad74218ea45b) Importer(815301076,1909f56bfc062723c751e8b465ee728b)
Start importing Assets/diamond_teamRed.fbx using Guid(6bb9d0476e496b645ae1ad74218ea45b) Importer(815301076,1909f56bfc062723c751e8b465ee728b)  -> (artifact id: 'b4e4e277f065a056b14d1d3ee7c2af0e') in 0.026622 seconds 
========================================================================
Received Import Request.
  Time since last request: 0.000029 seconds.
  path: Assets/button_teamBlue.fbx
  artifactKey: Guid(e08ad28c84a1ac84fb6d8b3d6effefe2) Importer(815301076,1909f56bfc062723c751e8b465ee728b)
Start importing Assets/button_teamBlue.fbx using Guid(e08ad28c84a1ac84fb6d8b3d6effefe2) Importer(815301076,1909f56bfc062723c751e8b465ee728b)  -> (artifact id: '4ccbc3d6b00167d970f4acb45d4e803e') in 0.047029 seconds 
========================================================================
Received Import Request.
  Time since last request: 0.000026 seconds.
  path: Assets/diamond_teamYellow.fbx
  artifactKey: Guid(4ce2f2ff59ba08a4494dd7220db11b5c) Importer(815301076,1909f56bfc062723c751e8b465ee728b)
Start importing Assets/diamond_teamYellow.fbx using Guid(4ce2f2ff59ba08a4494dd7220db11b5c) Importer(815301076,1909f56bfc062723c751e8b465ee728b)  -> (artifact id: 'a9714d4827234e2e475c6135e1a477f7') in 0.037460 seconds 
========================================================================
Received Import Request.
  Time since last request: 0.000036 seconds.
  path: Assets/bomb_teamYellow.fbx
  artifactKey: Guid(771c829d1f533db40ad8ed7028fb050a) Importer(815301076,1909f56bfc062723c751e8b465ee728b)
Start importing Assets/bomb_teamYellow.fbx using Guid(771c829d1f533db40ad8ed7028fb050a) Importer(815301076,1909f56bfc062723c751e8b465ee728b)  -> (artifact id: 'fecdf882e5cf9dfc99618b684c09737f') in 0.041196 seconds 
========================================================================
Received Import Request.
  Time since last request: 0.000024 seconds.
  path: Assets/hoop_teamBlue.fbx
  artifactKey: Guid(a3155f259f1ccde42aea99e242aeb70a) Importer(815301076,1909f56bfc062723c751e8b465ee728b)
Start importing Assets/hoop_teamBlue.fbx using Guid(a3155f259f1ccde42aea99e242aeb70a) Importer(815301076,1909f56bfc062723c751e8b465ee728b)  -> (artifact id: '5306f2fdea4bff40c435ee41a8bae410') in 0.035442 seconds 
========================================================================
Received Import Request.
  Time since last request: 2.669542 seconds.
  path: Assets/swiperDouble_teamBlue.fbx
  artifactKey: Guid(becc40868d0c87743a34cdee408c0a54) Importer(815301076,1909f56bfc062723c751e8b465ee728b)
Start importing Assets/swiperDouble_teamBlue.fbx using Guid(becc40868d0c87743a34cdee408c0a54) Importer(815301076,1909f56bfc062723c751e8b465ee728b)  -> (artifact id: 'bf7f8f21b422a6bfa7142a764a0808b4') in 0.040978 seconds 
========================================================================
Received Import Request.
  Time since last request: 0.000024 seconds.
  path: Assets/tileHigh_desert.fbx
  artifactKey: Guid(6837ad9d882685e40b3cef895ff2d417) Importer(815301076,1909f56bfc062723c751e8b465ee728b)
Start importing Assets/tileHigh_desert.fbx using Guid(6837ad9d882685e40b3cef895ff2d417) Importer(815301076,1909f56bfc062723c751e8b465ee728b)  -> (artifact id: '2f4a1b01ab39c7a7b285cb1a2bba4399') in 0.037429 seconds 
========================================================================
Received Import Request.
  Time since last request: 0.000028 seconds.
  path: Assets/sword_teamBlue.fbx
  artifactKey: Guid(94f1dc78bf10e4e4eb05c4fe746ad8d9) Importer(815301076,1909f56bfc062723c751e8b465ee728b)
Start importing Assets/sword_teamBlue.fbx using Guid(94f1dc78bf10e4e4eb05c4fe746ad8d9) Importer(815301076,1909f56bfc062723c751e8b465ee728b)  -> (artifact id: 'b32dc3651cf4b0406d0232b72a72f9bc') in 0.041044 seconds 
========================================================================
Received Import Request.
  Time since last request: 0.000033 seconds.
  path: Assets/swiperLong_teamRed.fbx
  artifactKey: Guid(2a8c5e46394980649b49b1f3bf18c4e0) Importer(815301076,1909f56bfc062723c751e8b465ee728b)
Start importing Assets/swiperLong_teamRed.fbx using Guid(2a8c5e46394980649b49b1f3bf18c4e0) Importer(815301076,1909f56bfc062723c751e8b465ee728b)  -> (artifact id: '3c822ef5e93826cb987ddb83feb68d3e') in 0.040183 seconds 
========================================================================
Received Import Request.
  Time since last request: 0.000034 seconds.
  path: Assets/sword_teamYellow.fbx
  artifactKey: Guid(537fbde8a7d943f4f8c37b16fb3e68cd) Importer(815301076,1909f56bfc062723c751e8b465ee728b)
Start importing Assets/sword_teamYellow.fbx using Guid(537fbde8a7d943f4f8c37b16fb3e68cd) Importer(815301076,1909f56bfc062723c751e8b465ee728b)  -> (artifact id: '6ad38cff6e033e7b912fc68717645b6e') in 0.032131 seconds 
========================================================================
Received Import Request.
  Time since last request: 0.000033 seconds.
  path: Assets/target.fbx
  artifactKey: Guid(ae2a90e75deebff45b17f0c9811f2181) Importer(815301076,1909f56bfc062723c751e8b465ee728b)
Start importing Assets/target.fbx using Guid(ae2a90e75deebff45b17f0c9811f2181) Importer(815301076,1909f56bfc062723c751e8b465ee728b)  -> (artifact id: '35a9a0cdd6ba653f00a4b4bc69715068') in 0.033852 seconds 
========================================================================
Received Import Request.
  Time since last request: 0.000023 seconds.
  path: Assets/targetStand.fbx
  artifactKey: Guid(5dab1eb36c4c9ab43a723eee70c5edde) Importer(815301076,1909f56bfc062723c751e8b465ee728b)
Start importing Assets/targetStand.fbx using Guid(5dab1eb36c4c9ab43a723eee70c5edde) Importer(815301076,1909f56bfc062723c751e8b465ee728b)  -> (artifact id: '03f07aef9a09ecd0d3318082fa94dcd3') in 0.042536 seconds 
========================================================================
Received Import Request.
  Time since last request: 0.000076 seconds.
  path: Assets/tileHigh_forest.fbx
  artifactKey: Guid(d0f3d83f489579342a60d6ff4fe3149c) Importer(815301076,1909f56bfc062723c751e8b465ee728b)
Start importing Assets/tileHigh_forest.fbx using Guid(d0f3d83f489579342a60d6ff4fe3149c) Importer(815301076,1909f56bfc062723c751e8b465ee728b)  -> (artifact id: '090676c7a12f66821636764376dd3047') in 0.043639 seconds 
========================================================================
Received Import Request.
  Time since last request: 0.000018 seconds.
  path: Assets/swiperLong_teamYellow.fbx
  artifactKey: Guid(ad5f0d649150531488dc433956d270b1) Importer(815301076,1909f56bfc062723c751e8b465ee728b)
Start importing Assets/swiperLong_teamYellow.fbx using Guid(ad5f0d649150531488dc433956d270b1) Importer(815301076,1909f56bfc062723c751e8b465ee728b)  -> (artifact id: 'b1d3e89487ff0fef8b659f45dac5cb2d') in 0.050673 seconds 
========================================================================
Received Import Request.
  Time since last request: 0.000031 seconds.
  path: Assets/tileLarge_forest.fbx
  artifactKey: Guid(9831e583b0cc33444b0358dac8998676) Importer(815301076,1909f56bfc062723c751e8b465ee728b)
Start importing Assets/tileLarge_forest.fbx using Guid(9831e583b0cc33444b0358dac8998676) Importer(815301076,1909f56bfc062723c751e8b465ee728b)  -> (artifact id: 'c665b8bcc5c145ef2c81f1680f8026e8') in 0.037214 seconds 
========================================================================
Received Import Request.
  Time since last request: 0.000038 seconds.
  path: Assets/tileSmall_teamRed.fbx
  artifactKey: Guid(42a90f136dc3b7c498e202f1431eb581) Importer(815301076,1909f56bfc062723c751e8b465ee728b)
Start importing Assets/tileSmall_teamRed.fbx using Guid(42a90f136dc3b7c498e202f1431eb581) Importer(815301076,1909f56bfc062723c751e8b465ee728b)  -> (artifact id: 'f784b27cfa27224b0187303a3b712c46') in 0.037834 seconds 
========================================================================
Received Import Request.
  Time since last request: 0.000030 seconds.
  path: Assets/tileSmall_teamYellow.fbx
  artifactKey: Guid(3033869f5cdfac34e9cae82d6577671d) Importer(815301076,1909f56bfc062723c751e8b465ee728b)
Start importing Assets/tileSmall_teamYellow.fbx using Guid(3033869f5cdfac34e9cae82d6577671d) Importer(815301076,1909f56bfc062723c751e8b465ee728b)  -> (artifact id: '02bd4f518e13beb66c8583b3bddf1f03') in 0.038860 seconds 
========================================================================
Received Import Request.
  Time since last request: 0.000022 seconds.
  path: Assets/tileSlopeLowHigh_teamBlue.fbx
  artifactKey: Guid(8bdfb00022f61a9408059afd622001a4) Importer(815301076,1909f56bfc062723c751e8b465ee728b)
Start importing Assets/tileSlopeLowHigh_teamBlue.fbx using Guid(8bdfb00022f61a9408059afd622001a4) Importer(815301076,1909f56bfc062723c751e8b465ee728b)  -> (artifact id: 'f0133f01f2d0e57c42d6094a93fc5306') in 0.036352 seconds 
========================================================================
Received Import Request.
  Time since last request: 0.000029 seconds.
  path: Assets/tileLow_desert.fbx
  artifactKey: Guid(4987db6323788ce41ac27f3c5e6291cd) Importer(815301076,1909f56bfc062723c751e8b465ee728b)
Start importing Assets/tileLow_desert.fbx using Guid(4987db6323788ce41ac27f3c5e6291cd) Importer(815301076,1909f56bfc062723c751e8b465ee728b)  -> (artifact id: '9b804be371965be5f29d488149d15789') in 0.033502 seconds 
========================================================================
Received Import Request.
  Time since last request: 0.000041 seconds.
  path: Assets/tileMedium_teamBlue.fbx
  artifactKey: Guid(ab3aca03195087b44938f15a7b110d2e) Importer(815301076,1909f56bfc062723c751e8b465ee728b)
Start importing Assets/tileMedium_teamBlue.fbx using Guid(ab3aca03195087b44938f15a7b110d2e) Importer(815301076,1909f56bfc062723c751e8b465ee728b)  -> (artifact id: '660bc4b3d94aedb589d357eb71fda74a') in 0.033854 seconds 
========================================================================
Received Import Request.
  Time since last request: 0.000032 seconds.
  path: Assets/tileLow_teamRed.fbx
  artifactKey: Guid(0bca60b15872cf84499ed59901f14664) Importer(815301076,1909f56bfc062723c751e8b465ee728b)
Start importing Assets/tileLow_teamRed.fbx using Guid(0bca60b15872cf84499ed59901f14664) Importer(815301076,1909f56bfc062723c751e8b465ee728b)  -> (artifact id: '49b63183aff1840fd6071730de7d861f') in 0.041490 seconds 
========================================================================
Received Import Request.
  Time since last request: 0.000047 seconds.
  path: Assets/tree_desert.fbx
  artifactKey: Guid(93102f0c4962f4048a2f26a39ac8df88) Importer(815301076,1909f56bfc062723c751e8b465ee728b)
Start importing Assets/tree_desert.fbx using Guid(93102f0c4962f4048a2f26a39ac8df88) Importer(815301076,1909f56bfc062723c751e8b465ee728b)  -> (artifact id: 'f2c9f61ecded19fac1fc5d1261a0124a') in 0.044121 seconds 
========================================================================
Received Import Request.
  Time since last request: 0.000083 seconds.
  path: Assets/tileSmall_forest.fbx
  artifactKey: Guid(41ff720c3d03c2b4085bd729580e0038) Importer(815301076,1909f56bfc062723c751e8b465ee728b)
Start importing Assets/tileSmall_forest.fbx using Guid(41ff720c3d03c2b4085bd729580e0038) Importer(815301076,1909f56bfc062723c751e8b465ee728b)  -> (artifact id: '7adb3f38c7e0e317987edba17a9df255') in 0.047905 seconds 
========================================================================
Received Import Request.
  Time since last request: 0.000041 seconds.
  path: Assets/tileSlopeLowHigh_teamRed.fbx
  artifactKey: Guid(08bc4f07d5c2812448161cdb7217c1ac) Importer(815301076,1909f56bfc062723c751e8b465ee728b)
Start importing Assets/tileSlopeLowHigh_teamRed.fbx using Guid(08bc4f07d5c2812448161cdb7217c1ac) Importer(815301076,1909f56bfc062723c751e8b465ee728b)  -> (artifact id: '3b310aa73ccbd5980cc3492ae719b6ec') in 0.043104 seconds 
========================================================================
Received Import Request.
  Time since last request: 0.000039 seconds.
  path: Assets/tileLarge_teamRed.fbx
  artifactKey: Guid(5c82ce81e5cc16b438ca7c318fbd72ef) Importer(815301076,1909f56bfc062723c751e8b465ee728b)
Start importing Assets/tileLarge_teamRed.fbx using Guid(5c82ce81e5cc16b438ca7c318fbd72ef) Importer(815301076,1909f56bfc062723c751e8b465ee728b)  -> (artifact id: '7bb9f59c061acd6ae9a842bdc00bd444') in 0.040042 seconds 
========================================================================
Received Import Request.
  Time since last request: 0.000035 seconds.
  path: Assets/tree_forest.fbx
  artifactKey: Guid(cff9b4346a2bd674db4e6c8488c5ee57) Importer(815301076,1909f56bfc062723c751e8b465ee728b)
Start importing Assets/tree_forest.fbx using Guid(cff9b4346a2bd674db4e6c8488c5ee57) Importer(815301076,1909f56bfc062723c751e8b465ee728b)  -> (artifact id: 'd454e5790ecc7473828d5d85157eb476') in 0.038290 seconds 
========================================================================
Received Import Request.
  Time since last request: 0.000035 seconds.
  path: Assets/tileSlopeMediumHigh_teamRed.fbx
  artifactKey: Guid(350ed27c63c9559409d36bfe6983835f) Importer(815301076,1909f56bfc062723c751e8b465ee728b)
Start importing Assets/tileSlopeMediumHigh_teamRed.fbx using Guid(350ed27c63c9559409d36bfe6983835f) Importer(815301076,1909f56bfc062723c751e8b465ee728b)  -> (artifact id: '23b250b40ebf59c33cb4d401bba86e21') in 0.043907 seconds 
========================================================================
Received Import Request.
  Time since last request: 0.000027 seconds.
  path: Assets/tileLarge_teamYellow.fbx
  artifactKey: Guid(d6117d105db98ea4cad502ef724e6f91) Importer(815301076,1909f56bfc062723c751e8b465ee728b)
Start importing Assets/tileLarge_teamYellow.fbx using Guid(d6117d105db98ea4cad502ef724e6f91) Importer(815301076,1909f56bfc062723c751e8b465ee728b)  -> (artifact id: '762c2c277122f40ab1a0f1cea20b26eb') in 0.042275 seconds 
========================================================================
Received Import Request.
  Time since last request: 0.000046 seconds.
  path: Assets/tileMedium_desert.fbx
  artifactKey: Guid(4cd9a8ac3c9572c4eba8ffe7b8669ad7) Importer(815301076,1909f56bfc062723c751e8b465ee728b)
Start importing Assets/tileMedium_desert.fbx using Guid(4cd9a8ac3c9572c4eba8ffe7b8669ad7) Importer(815301076,1909f56bfc062723c751e8b465ee728b)  -> (artifact id: '139370f535bd78db02c9c4cb998ed0e4') in 0.056447 seconds 
========================================================================
Received Import Request.
  Time since last request: 0.000043 seconds.
  path: Assets/tileSlopeLowMedium._teamRed.fbx
  artifactKey: Guid(389696f70ee00854e94171e9c2b15367) Importer(815301076,1909f56bfc062723c751e8b465ee728b)
Start importing Assets/tileSlopeLowMedium._teamRed.fbx using Guid(389696f70ee00854e94171e9c2b15367) Importer(815301076,1909f56bfc062723c751e8b465ee728b)  -> (artifact id: 'd9d2ba6f8919cf287929e2e07be97b82') in 0.037499 seconds 
========================================================================
Received Import Request.
  Time since last request: 0.000032 seconds.
  path: Assets/tileHigh_teamRed.fbx
  artifactKey: Guid(28f11ab9020411846870be981a9c1e67) Importer(815301076,1909f56bfc062723c751e8b465ee728b)
Start importing Assets/tileHigh_teamRed.fbx using Guid(28f11ab9020411846870be981a9c1e67) Importer(815301076,1909f56bfc062723c751e8b465ee728b)  -> (artifact id: '05c482214b3bad76664c355d774f5ec5') in 0.031760 seconds 
========================================================================
Received Import Request.
  Time since last request: 0.000033 seconds.
  path: Assets/tileSlopeLowHigh_teamYellow.fbx
  artifactKey: Guid(93edd6d929bde2a438c574a7cd2a1be3) Importer(815301076,1909f56bfc062723c751e8b465ee728b)
Start importing Assets/tileSlopeLowHigh_teamYellow.fbx using Guid(93edd6d929bde2a438c574a7cd2a1be3) Importer(815301076,1909f56bfc062723c751e8b465ee728b)  -> (artifact id: 'bda4696147cab4531e02ac63cc499ed2') in 0.032867 seconds 
========================================================================
Received Import Request.
  Time since last request: 0.000027 seconds.
  path: Assets/tileSlopeMediumHigh_desert.fbx
  artifactKey: Guid(6930c61b935aa1d4aadbb356b896594e) Importer(815301076,1909f56bfc062723c751e8b465ee728b)
Start importing Assets/tileSlopeMediumHigh_desert.fbx using Guid(6930c61b935aa1d4aadbb356b896594e) Importer(815301076,1909f56bfc062723c751e8b465ee728b)  -> (artifact id: 'f836f32ed847f42dd28386e808c9944c') in 0.033938 seconds 
========================================================================
Received Import Request.
  Time since last request: 0.000022 seconds.
  path: Assets/tileLow_forest.fbx
  artifactKey: Guid(95b5897c740c44740a215f90bd4adda9) Importer(815301076,1909f56bfc062723c751e8b465ee728b)
Start importing Assets/tileLow_forest.fbx using Guid(95b5897c740c44740a215f90bd4adda9) Importer(815301076,1909f56bfc062723c751e8b465ee728b)  -> (artifact id: 'a8aba76c5ad0a4b03289f05ee8dee5bb') in 0.033534 seconds 
========================================================================
Received Import Request.
  Time since last request: 0.000030 seconds.
  path: Assets/swiperLong_teamBlue.fbx
  artifactKey: Guid(6c8665e1193934646b475dbafaa7b143) Importer(815301076,1909f56bfc062723c751e8b465ee728b)
Start importing Assets/swiperLong_teamBlue.fbx using Guid(6c8665e1193934646b475dbafaa7b143) Importer(815301076,1909f56bfc062723c751e8b465ee728b)  -> (artifact id: 'e5504b57400f3d0902a6ff7e4ba9fc27') in 0.043485 seconds 
========================================================================
Received Import Request.
  Time since last request: 0.000029 seconds.
  path: Assets/tileLarge_teamBlue.fbx
  artifactKey: Guid(9a373c033013e1f4f9e7c802d37836fa) Importer(815301076,1909f56bfc062723c751e8b465ee728b)
Start importing Assets/tileLarge_teamBlue.fbx using Guid(9a373c033013e1f4f9e7c802d37836fa) Importer(815301076,1909f56bfc062723c751e8b465ee728b)  -> (artifact id: 'd312f047745efdc6138240b9fbe72c61') in 0.035236 seconds 
========================================================================
Received Import Request.
  Time since last request: 0.000035 seconds.
  path: Assets/tileLow_teamYellow.fbx
  artifactKey: Guid(cf906e451f1516348ac64942e741a40e) Importer(815301076,1909f56bfc062723c751e8b465ee728b)
Start importing Assets/tileLow_teamYellow.fbx using Guid(cf906e451f1516348ac64942e741a40e) Importer(815301076,1909f56bfc062723c751e8b465ee728b)  -> (artifact id: '97ec629c4eb37f9a305e11352916045c') in 0.057279 seconds 
========================================================================
Received Import Request.
  Time since last request: 0.000086 seconds.
  path: Assets/tileHigh_teamYellow.fbx
  artifactKey: Guid(946f747fcbe748045ae86c72075430c3) Importer(815301076,1909f56bfc062723c751e8b465ee728b)
Start importing Assets/tileHigh_teamYellow.fbx using Guid(946f747fcbe748045ae86c72075430c3) Importer(815301076,1909f56bfc062723c751e8b465ee728b)  -> (artifact id: '476fee0bd9a5046496818fb2d19cd87d') in 0.038351 seconds 
========================================================================
Received Import Request.
  Time since last request: 0.000031 seconds.
  path: Assets/tileSlopeMediumHigh_teamBlue.fbx
  artifactKey: Guid(db4cf6cdc20163942af659452456b142) Importer(815301076,1909f56bfc062723c751e8b465ee728b)
Start importing Assets/tileSlopeMediumHigh_teamBlue.fbx using Guid(db4cf6cdc20163942af659452456b142) Importer(815301076,1909f56bfc062723c751e8b465ee728b)  -> (artifact id: 'bf81f4885673acabc7ce22bcca0ce6f8') in 0.049390 seconds 
========================================================================
Received Import Request.
  Time since last request: 0.000028 seconds.
  path: Assets/swiperDouble_teamRed.fbx
  artifactKey: Guid(2b9694c9a48dc4444af4acee42df622a) Importer(815301076,1909f56bfc062723c751e8b465ee728b)
Start importing Assets/swiperDouble_teamRed.fbx using Guid(2b9694c9a48dc4444af4acee42df622a) Importer(815301076,1909f56bfc062723c751e8b465ee728b)  -> (artifact id: '5bb70ddda1f09da01d0d88d657f9fd32') in 0.052370 seconds 
========================================================================
Received Import Request.
  Time since last request: 0.000034 seconds.
  path: Assets/tileSlopeLowMedium_forest.fbx
  artifactKey: Guid(094c8563c51fa1e4ab5b6b522c32bdce) Importer(815301076,1909f56bfc062723c751e8b465ee728b)
Start importing Assets/tileSlopeLowMedium_forest.fbx using Guid(094c8563c51fa1e4ab5b6b522c32bdce) Importer(815301076,1909f56bfc062723c751e8b465ee728b)  -> (artifact id: '06d98d97363ef7536e7f76a3f9110ccb') in 0.042845 seconds 
========================================================================
Received Import Request.
  Time since last request: 0.000031 seconds.
  path: Assets/tileMedium_teamYellow.fbx
  artifactKey: Guid(50b88c6a2e1c4164384b6c6825faa449) Importer(815301076,1909f56bfc062723c751e8b465ee728b)
Start importing Assets/tileMedium_teamYellow.fbx using Guid(50b88c6a2e1c4164384b6c6825faa449) Importer(815301076,1909f56bfc062723c751e8b465ee728b)  -> (artifact id: '22449672ff937583efcde43fd9e74828') in 0.041172 seconds 
========================================================================
Received Import Request.
  Time since last request: 0.000042 seconds.
  path: Assets/tileSlopeLowHigh_forest.fbx
  artifactKey: Guid(7b18f067f3add694789d1c1f29009bd9) Importer(815301076,1909f56bfc062723c751e8b465ee728b)
Start importing Assets/tileSlopeLowHigh_forest.fbx using Guid(7b18f067f3add694789d1c1f29009bd9) Importer(815301076,1909f56bfc062723c751e8b465ee728b)  -> (artifact id: 'dfad470a8b5556b7f93230f7ce0de962') in 0.038162 seconds 
========================================================================
Received Import Request.
  Time since last request: 0.000026 seconds.
  path: Assets/tileSlopeLowMedium_teamYellow.fbx
  artifactKey: Guid(a73d9c58747e72f44b7a33d9b13f94a2) Importer(815301076,1909f56bfc062723c751e8b465ee728b)
Start importing Assets/tileSlopeLowMedium_teamYellow.fbx using Guid(a73d9c58747e72f44b7a33d9b13f94a2) Importer(815301076,1909f56bfc062723c751e8b465ee728b)  -> (artifact id: 'c8f6e4316dafd90a8711c96f309a2876') in 0.034474 seconds 
========================================================================
Received Import Request.
  Time since last request: 0.000023 seconds.
  path: Assets/tileMedium_forest.fbx
  artifactKey: Guid(fd152e718cff97e4594006de7b347204) Importer(815301076,1909f56bfc062723c751e8b465ee728b)
Start importing Assets/tileMedium_forest.fbx using Guid(fd152e718cff97e4594006de7b347204) Importer(815301076,1909f56bfc062723c751e8b465ee728b)  -> (artifact id: '6527bbe195c2286794d8b3acb09553ac') in 0.035130 seconds 
========================================================================
Received Import Request.
  Time since last request: 0.000023 seconds.
  path: Assets/tileSlopeLowHigh_desert.fbx
  artifactKey: Guid(2b25bff8ad714fc4fb8215c196016c32) Importer(815301076,1909f56bfc062723c751e8b465ee728b)
Start importing Assets/tileSlopeLowHigh_desert.fbx using Guid(2b25bff8ad714fc4fb8215c196016c32) Importer(815301076,1909f56bfc062723c751e8b465ee728b)  -> (artifact id: '1d7b5aa8fb3bbf5cf5c59c5bc0a036e2') in 0.039528 seconds 
========================================================================
Received Import Request.
  Time since last request: 0.000023 seconds.
  path: Assets/tileMedium_teamRed.fbx
  artifactKey: Guid(78aad47d2da94394294404c1aea265c1) Importer(815301076,1909f56bfc062723c751e8b465ee728b)
Start importing Assets/tileMedium_teamRed.fbx using Guid(78aad47d2da94394294404c1aea265c1) Importer(815301076,1909f56bfc062723c751e8b465ee728b)  -> (artifact id: 'e93938d7a9421371108dc60eb72f92de') in 0.041209 seconds 
========================================================================
Received Import Request.
  Time since last request: 0.000029 seconds.
  path: Assets/tileSlopeLowMedium_desert.fbx
  artifactKey: Guid(0410fec84099be94483b2e59e1c03568) Importer(815301076,1909f56bfc062723c751e8b465ee728b)
Start importing Assets/tileSlopeLowMedium_desert.fbx using Guid(0410fec84099be94483b2e59e1c03568) Importer(815301076,1909f56bfc062723c751e8b465ee728b)  -> (artifact id: '75545bf6c1a046c43eb2d626e8995ced') in 0.039549 seconds 
========================================================================
Received Import Request.
  Time since last request: 0.000124 seconds.
  path: Assets/tileLow_teamBlue.fbx
  artifactKey: Guid(2f8d685174dbb4549a3816c3a34668be) Importer(815301076,1909f56bfc062723c751e8b465ee728b)
Start importing Assets/tileLow_teamBlue.fbx using Guid(2f8d685174dbb4549a3816c3a34668be) Importer(815301076,1909f56bfc062723c751e8b465ee728b)  -> (artifact id: '25ea9a0804e6e3b7b2fff8b14ca1f9f7') in 0.037419 seconds 
========================================================================
Received Import Request.
  Time since last request: 0.000032 seconds.
  path: Assets/tileSlopeMediumHigh_teamYellow.fbx
  artifactKey: Guid(539a44242e00db84f906f26ef0745089) Importer(815301076,1909f56bfc062723c751e8b465ee728b)
Start importing Assets/tileSlopeMediumHigh_teamYellow.fbx using Guid(539a44242e00db84f906f26ef0745089) Importer(815301076,1909f56bfc062723c751e8b465ee728b)  -> (artifact id: '303410d69ca98ffc95cf06f467d7b4fb') in 0.057468 seconds 
========================================================================
Received Import Request.
  Time since last request: 0.000079 seconds.
  path: Assets/tileLarge_desert.fbx
  artifactKey: Guid(7246fbf0d33458e4b9ce29c375e4f84b) Importer(815301076,1909f56bfc062723c751e8b465ee728b)
Start importing Assets/tileLarge_desert.fbx using Guid(7246fbf0d33458e4b9ce29c375e4f84b) Importer(815301076,1909f56bfc062723c751e8b465ee728b)  -> (artifact id: '464770c65799609b472dffa244a2398d') in 0.039903 seconds 
========================================================================
Received Import Request.
  Time since last request: 0.000030 seconds.
  path: Assets/tileSmall_teamBlue.fbx
  artifactKey: Guid(226c671aed6ec9c41b9d46eaeeaaa2ef) Importer(815301076,1909f56bfc062723c751e8b465ee728b)
Start importing Assets/tileSmall_teamBlue.fbx using Guid(226c671aed6ec9c41b9d46eaeeaaa2ef) Importer(815301076,1909f56bfc062723c751e8b465ee728b)  -> (artifact id: '7f2e0280291f44e2b69594969c9db973') in 0.032843 seconds 
========================================================================
Received Import Request.
  Time since last request: 0.000029 seconds.
  path: Assets/tileSmall_desert.fbx
  artifactKey: Guid(d09dacd1ada177344bd9d4e4d8c59723) Importer(815301076,1909f56bfc062723c751e8b465ee728b)
Start importing Assets/tileSmall_desert.fbx using Guid(d09dacd1ada177344bd9d4e4d8c59723) Importer(815301076,1909f56bfc062723c751e8b465ee728b)  -> (artifact id: '8a5808beffb4917afe9c3ce270ee28bf') in 0.031688 seconds 
========================================================================
Received Import Request.
  Time since last request: 0.000032 seconds.
  path: Assets/swiperDouble_teamYellow.fbx
  artifactKey: Guid(66b82e2675515844e9de1b0582c982f8) Importer(815301076,1909f56bfc062723c751e8b465ee728b)
Start importing Assets/swiperDouble_teamYellow.fbx using Guid(66b82e2675515844e9de1b0582c982f8) Importer(815301076,1909f56bfc062723c751e8b465ee728b)  -> (artifact id: '5842f6b313f2b99cc8d834422affa914') in 0.071162 seconds 
========================================================================
Received Import Request.
  Time since last request: 0.000051 seconds.
  path: Assets/tileHigh_teamBlue.fbx
  artifactKey: Guid(a9990aad2ca4ddc49b52782e1b412d38) Importer(815301076,1909f56bfc062723c751e8b465ee728b)
Start importing Assets/tileHigh_teamBlue.fbx using Guid(a9990aad2ca4ddc49b52782e1b412d38) Importer(815301076,1909f56bfc062723c751e8b465ee728b)  -> (artifact id: 'accbf961594b60ee0e3075109ac3e35f') in 0.047059 seconds 
========================================================================
Received Import Request.
  Time since last request: 0.000107 seconds.
  path: Assets/tileSlopeMediumHigh_forest.fbx
  artifactKey: Guid(62c5fff292ceeb546b422a4886cfa04e) Importer(815301076,1909f56bfc062723c751e8b465ee728b)
Start importing Assets/tileSlopeMediumHigh_forest.fbx using Guid(62c5fff292ceeb546b422a4886cfa04e) Importer(815301076,1909f56bfc062723c751e8b465ee728b)  -> (artifact id: 'c90f064118b368bca9f86b1986be446c') in 0.047972 seconds 
========================================================================
Received Import Request.
  Time since last request: 0.000033 seconds.
  path: Assets/tileSlopeLowMedium_teamBlue.fbx
  artifactKey: Guid(25d522c00e5eeb543b65f6905d5975f5) Importer(815301076,1909f56bfc062723c751e8b465ee728b)
Start importing Assets/tileSlopeLowMedium_teamBlue.fbx using Guid(25d522c00e5eeb543b65f6905d5975f5) Importer(815301076,1909f56bfc062723c751e8b465ee728b)  -> (artifact id: '17893081f2e5f79cf59a878380df2769') in 0.047362 seconds 
========================================================================
Received Import Request.
  Time since last request: 0.000034 seconds.
  path: Assets/sword_teamRed.fbx
  artifactKey: Guid(57ec9211d964cd1499681bb7f3f6819e) Importer(815301076,1909f56bfc062723c751e8b465ee728b)
Start importing Assets/sword_teamRed.fbx using Guid(57ec9211d964cd1499681bb7f3f6819e) Importer(815301076,1909f56bfc062723c751e8b465ee728b)  -> (artifact id: 'ec2aff8ea3736710da95abf66ad08106') in 0.045497 seconds 
========================================================================
Received Import Request.
  Time since last request: 12.652643 seconds.
  path: Assets/Objects
  artifactKey: Guid(c0615e2a12383c34bbd9d3f0998ee156) Importer(815301076,1909f56bfc062723c751e8b465ee728b)
Start importing Assets/Objects using Guid(c0615e2a12383c34bbd9d3f0998ee156) Importer(815301076,1909f56bfc062723c751e8b465ee728b)  -> (artifact id: '2be00e3aae38e22cfc5f973cc5d5cf57') in 0.009320 seconds 
========================================================================
Received Import Request.
  Time since last request: 219.493117 seconds.
  path: Assets
  artifactKey: Guid(00000000000000001000000000000000) Importer(815301076,1909f56bfc062723c751e8b465ee728b)
Start importing Assets using Guid(00000000000000001000000000000000) Importer(815301076,1909f56bfc062723c751e8b465ee728b)  -> (artifact id: '79842766b460edbeab6a34051e857a80') in 0.009290 seconds 
========================================================================
Received Import Request.
  Time since last request: 8.745591 seconds.
  path: Assets/scripts
  artifactKey: Guid(f2fb98dfad7f7994fa57ce6106009c65) Importer(815301076,1909f56bfc062723c751e8b465ee728b)
Start importing Assets/scripts using Guid(f2fb98dfad7f7994fa57ce6106009c65) Importer(815301076,1909f56bfc062723c751e8b465ee728b)  -> (artifact id: 'b3ee12c6a7ff905a486b95bd6f53f73b') in 0.008308 seconds 
========================================================================
Received Import Request.
  Time since last request: 10.137778 seconds.
  path: Assets/scripts/movimentação.cs
  artifactKey: Guid(56548f8d060066c4e81c521ecd7a66e7) Importer(815301076,1909f56bfc062723c751e8b465ee728b)
Start importing Assets/scripts/movimentação.cs using Guid(56548f8d060066c4e81c521ecd7a66e7) Importer(815301076,1909f56bfc062723c751e8b465ee728b)  -> (artifact id: 'de22e1809e01e1db6be6c1a4ef4fd685') in 0.518695 seconds 
========================================================================
Received Prepare
Registering precompiled user dll's ...
Registered in 0.009141 seconds.
Begin MonoManager ReloadAssembly
Symbol file LoadedFromMemory doesn't match image C:\Users\SuperGeeks Maceió\tccdudaa\Library\PackageCache\com.unity.visualscripting@1.8.0\Editor\VisualScripting.Core\Dependencies\YamlDotNet\Unity.VisualScripting.YamlDotNet.dll
Symbol file LoadedFromMemory doesn't match image C:\Users\SuperGeeks Maceió\tccdudaa\Library\PackageCache\com.unity.visualscripting@1.8.0\Editor\VisualScripting.Core\Dependencies\DotNetZip\Unity.VisualScripting.IonicZip.dll
Native extension for WindowsStandalone target not found
Native extension for WebGL target not found
Refreshing native plugins compatible for Editor in 0.69 ms, found 3 plugins.
Preloading 0 native plugins for Editor in 0.00 ms.
Mono: successfully reloaded assembly
- Completed reload, in  1.420 seconds
Domain Reload Profiling:
	ReloadAssembly (1421ms)
		BeginReloadAssembly (219ms)
			ExecutionOrderSort (0ms)
			DisableScriptedObjects (9ms)
			BackupInstance (0ms)
			ReleaseScriptingObjects (0ms)
			CreateAndSetChildDomain (56ms)
		EndReloadAssembly (1042ms)
			LoadAssemblies (143ms)
			RebuildTransferFunctionScriptingTraits (0ms)
			SetupTypeCache (404ms)
			ReleaseScriptCaches (1ms)
			RebuildScriptCaches (52ms)
			SetupLoadedEditorAssemblies (429ms)
				LogAssemblyErrors (0ms)
				InitializePlatformSupportModulesInManaged (21ms)
				SetLoadedEditorAssemblies (1ms)
				RefreshPlugins (1ms)
				BeforeProcessingInitializeOnLoad (87ms)
				ProcessInitializeOnLoadAttributes (279ms)
				ProcessInitializeOnLoadMethodAttributes (31ms)
				AfterProcessingInitializeOnLoad (10ms)
				EditorAssembliesLoaded (0ms)
			ExecutionOrderSort2 (0ms)
			AwakeInstancesAfterBackupRestoration (8ms)
Platform modules already initialized, skipping
Refreshing native plugins compatible for Editor in 2.34 ms, found 3 plugins.
Preloading 0 native plugins for Editor in 0.00 ms.
Unloading 3372 Unused Serialized files (Serialized files now loaded: 0)
Unloading 20 unused Assets / (80.3 KB). Loaded Objects now: 3881.
Memory consumption went from 120.8 MB to 120.7 MB.
Total: 3.947200 ms (FindLiveObjects: 0.310700 ms CreateObjectMapping: 0.185300 ms MarkObjects: 3.354200 ms  DeleteObjects: 0.095700 ms)

AssetImportParameters requested are different than current active one (requested -> active):
  custom:video-decoder-ogg-theora: a1e56fd34408186e4bbccfd4996cb3dc -> 
  custom:container-muxer-webm: aa71ff27fc2769a1b78a27578f13a17b -> 
  custom:container-demuxer-webm: 4f35f7cbe854078d1ac9338744f61a02 -> 
  custom:video-encoder-webm-vp8: eb34c28f22e8b96e1ab97ce403110664 -> 
  custom:audio-encoder-webm-vorbis: bf7c407c2cedff20999df2af8eb42d56 -> 
  custom:framework-win-MediaFoundation: 216162199b28c13a410421893ffa2e32 -> 
  custom:container-demuxer-ogg: 62fdf1f143b41e24485cea50d1cbac27 -> 
  custom:video-decoder-webm-vp8: 9c59270c3fd7afecdb556c50c9e8de78 -> 
  custom:audio-decoder-ogg-vorbis: bf7c407c2cedff20999df2af8eb42d56 -> 
========================================================================
Received Import Request.
  Time since last request: 2160.662016 seconds.
  path: Packages/com.unity.testtools.codecoverage
  artifactKey: Guid(37e2fae9013949daf3016af47382dd90) Importer(815301076,1909f56bfc062723c751e8b465ee728b)
Start importing Packages/com.unity.testtools.codecoverage using Guid(37e2fae9013949daf3016af47382dd90) Importer(815301076,1909f56bfc062723c751e8b465ee728b)  -> (artifact id: '1a26b7002931fba3277f6d32b650d8b6') in 0.024666 seconds 
========================================================================
Received Import Request.
  Time since last request: 86.681939 seconds.
  path: Assets/New Folder
  artifactKey: Guid(b4cd67f7ccc98704ea7d6ffbc3c414e1) Importer(815301076,1909f56bfc062723c751e8b465ee728b)
Start importing Assets/New Folder using Guid(b4cd67f7ccc98704ea7d6ffbc3c414e1) Importer(815301076,1909f56bfc062723c751e8b465ee728b)  -> (artifact id: '76726c0e4d7c141190e7f8eeb7cf6bdb') in 0.009791 seconds 
